[0m2021.10.20 22:49:11 INFO  Started: Metals version 0.10.7 in workspace 'D:\University\COMP3000\Assignment 3\NEW' for client Visual Studio Code 1.61.2.[0m
[0m2021.10.20 22:49:14 INFO  time: initialize in 2.86s[0m
[0m2021.10.20 22:49:15 WARN  Build server is not auto-connectable.[0m
[0m2021.10.20 22:49:18 INFO  running 'C:\Program Files\Java\jdk-11.0.12\bin\java -Djline.terminal=jline.UnsupportedTerminal -Dsbt.log.noformat=true -Dfile.encoding=UTF-8 -jar C:\Users\Victor\AppData\Local\Temp\metals1862963670093102096\sbt-launch.jar -Dbloop.export-jar-classifiers=sources bloopInstall'[0m
[0m2021.10.20 22:49:24 INFO  [info] Loading settings for project new-build-build from metals.sbt ...[0m
[0m2021.10.20 22:49:24 INFO  [info] Loading project definition from D:\University\COMP3000\Assignment 3\NEW\project\project[0m
[0m2021.10.20 22:49:24 INFO  [info] Updating ProjectRef(uri("file:/D:/University/COMP3000/Assignment%203/NEW/project/project/"), "new-build-build")...[0m
[0m2021.10.20 22:49:28 INFO  [info] Done updating.[0m
[0m2021.10.20 22:49:29 INFO  [info] Loading settings for project new-build from metals.sbt ...[0m
[0m2021.10.20 22:49:29 INFO  [info] Loading project definition from D:\University\COMP3000\Assignment 3\NEW\project[0m
[0m2021.10.20 22:49:29 INFO  [info] Updating ProjectRef(uri("file:/D:/University/COMP3000/Assignment%203/NEW/project/"), "new-build")...[0m
[0m2021.10.20 22:49:32 INFO  [info] Done updating.[0m
[0m2021.10.20 22:49:33 INFO  [success] Generated .bloop\new-build.json[0m
[0m2021.10.20 22:49:33 INFO  [success] Total time: 4 s, completed 20 Oct. 2021, 10:49:33 pm[0m
[0m2021.10.20 22:49:35 INFO  [info] Loading settings for project new from build.sbt ...[0m
[0m2021.10.20 22:49:35 INFO  [info] Set current project to comp3000-ass2 (in build file:/D:/University/COMP3000/Assignment%203/NEW/)[0m
[0m2021.10.20 22:49:35 INFO  [info] Updating ...[0m
[0m2021.10.20 22:49:35 INFO  [info] Done updating.[0m
[0m2021.10.20 22:49:35 INFO  [success] Generated .bloop\new.json[0m
[0m2021.10.20 22:49:35 INFO  [success] Generated .bloop\new-test.json[0m
[0m2021.10.20 22:49:35 INFO  [success] Total time: 0 s, completed 20 Oct. 2021, 10:49:36 pm[0m
[0m2021.10.20 22:49:36 INFO  time: ran 'sbt bloopInstall' in 18s[0m
[0m2021.10.20 22:49:36 INFO  Attempting to connect to the build server...[0m
Starting the bsp launcher for bloop...
Opening a bsp server connection with 'bsp --protocol tcp --port 36061'...
Waiting for the bsp connection to come up...
[0m[32m[D][0m Loading 2 projects from 'd:\University\COMP3000\Assignment 3\NEW\.bloop'...
[0m[32m[D][0m Loading project from 'd:\University\COMP3000\Assignment 3\NEW\.bloop\new.json'
[0m[32m[D][0m Loading project from 'd:\University\COMP3000\Assignment 3\NEW\.bloop\new-test.json'
[0m[32m[D][0m Missing analysis file for project 'new'
[0m[32m[D][0m Missing analysis file for project 'new-test'
[0m[32m[D][0m Waiting for a connection at 127.0.0.1:36061...
The server is listening for incoming connections at tcp://127.0.0.1:36061...
Starting thread that pumps stdin and redirects it to the bsp server...
Starting thread that pumps server stdout and redirects it to the client stdout...
[0m2021.10.20 22:49:37 INFO  tracing is disabled for protocol BSP, to enable tracing of incoming and outgoing JSON messages create an empty file at C:\Users\Victor\AppData\Local\scalameta\metals\cache\bsp.trace.json[0m
[0m2021.10.20 22:49:37 INFO  Attempting to connect to the build server...[0m
Starting the bsp launcher for bloop...
Opening a bsp server connection with 'bsp --protocol tcp --port 15751'...
Waiting for the bsp connection to come up...
[0m[32m[D][0m Loading workspace settings from bloop.settings.json
[0m[32m[D][0m Waiting for a connection at 127.0.0.1:15751...
The server is listening for incoming connections at tcp://127.0.0.1:15751...
Starting thread that pumps stdin and redirects it to the bsp server...
Starting thread that pumps server stdout and redirects it to the client stdout...
[0m2021.10.20 22:49:37 INFO  tracing is disabled for protocol BSP, to enable tracing of incoming and outgoing JSON messages create an empty file at C:\Users\Victor\AppData\Local\scalameta\metals\cache\bsp.trace.json[0m
[0m2021.10.20 22:49:37 INFO  time: Connected to build server in 0.84s[0m
[0m2021.10.20 22:49:37 INFO  Connected to Build server: Bloop v1.4.9[0m
[0m2021.10.20 22:49:43 INFO  time: indexed workspace in 6.04s[0m
[0m2021.10.20 22:49:45 INFO  no build target: using presentation compiler with only scala-library: 2.12.8[0m
[0m2021.10.20 22:50:05 INFO  compiling new (5 scala sources)[0m
[0m2021.10.20 22:50:07 INFO  time: compiled new in 2.45s[0m
Oct. 20, 2021 10:50:14 PM org.eclipse.lsp4j.jsonrpc.RemoteEndpoint handleCancellation
WARNING: Unmatched cancel notification for request id 7
[0m2021.10.20 22:50:14 INFO  compiling new (5 scala sources)[0m
[0m2021.10.20 22:50:14 INFO  time: compiled new in 0.67s[0m
[0m2021.10.20 22:50:44 INFO  compiling new (6 scala sources)[0m
[0m2021.10.20 22:50:44 INFO  time: compiled new in 0.75s[0m
[0m2021.10.20 22:50:45 ERROR code navigation does not work for the file 'D:\University\COMP3000\Assignment 3\NEW\src\main\scala\SyntaxAnalysis.scala' because the build target new is being compiled. Wait until compilation is finished and try again.[0m
[0m2021.10.20 22:50:47 INFO  compiling new (6 scala sources)[0m
[0m2021.10.20 22:50:53 INFO  time: compiled new in 6.34s[0m
Oct. 20, 2021 10:50:55 PM org.eclipse.lsp4j.jsonrpc.RemoteEndpoint handleCancellation
WARNING: Unmatched cancel notification for request id 36
Oct. 20, 2021 10:51:16 PM org.eclipse.lsp4j.jsonrpc.RemoteEndpoint handleCancellation
WARNING: Unmatched cancel notification for request id 82
Oct. 20, 2021 10:51:20 PM org.eclipse.lsp4j.jsonrpc.RemoteEndpoint handleCancellation
WARNING: Unmatched cancel notification for request id 93
[0m2021.10.20 22:51:27 INFO  compiling new-test (1 scala source)[0m
[0m2021.10.20 22:51:27 INFO  time: compiled new-test in 0.92s[0m
Oct. 20, 2021 10:51:31 PM org.eclipse.lsp4j.jsonrpc.RemoteEndpoint handleCancellation
WARNING: Unmatched cancel notification for request id 118
Oct. 20, 2021 10:52:16 PM org.eclipse.lsp4j.jsonrpc.RemoteEndpoint handleCancellation
WARNING: Unmatched cancel notification for request id 131
[0m2021.10.20 22:52:25 INFO  Deduplicating compilation of new from bsp client 'Metals 0.10.7' (since 2m 48.345s)[0m
[0m2021.10.20 22:52:25 INFO  Deduplicating compilation of new-test from bsp client 'Metals 0.10.7' (since 2m 48.357s)[0m
[0m2021.10.20 22:52:25 INFO  tracing is disabled for protocol dap-server, to enable tracing of incoming and outgoing JSON messages create an empty file at C:\Users\Victor\AppData\Local\scalameta\metals\cache\dap-server.trace.json[0m
[0m2021.10.20 22:52:26 INFO  tracing is disabled for protocol dap-client, to enable tracing of incoming and outgoing JSON messages create an empty file at C:\Users\Victor\AppData\Local\scalameta\metals\cache\dap-client.trace.json[0m
[0m2021.10.20 22:52:26 INFO  Starting debug proxy for [haslang.ExecTests][0m
[0m2021.10.20 22:52:25 INFO  Trying to attach to remote debuggee VM 127.0.0.1:54384 .[0m
[0m2021.10.20 22:52:25 INFO  Attaching to debuggee VM succeeded.[0m
[0m2021.10.20 22:52:28 INFO  Canceling debug proxy for [haslang.ExecTests][0m
[0m2021.10.20 22:52:28 INFO  Closing debug server tcp://0.0.0.0:54380[0m
[0m2021.10.20 22:52:29 INFO  shutting down Metals[0m
No more data in the server stdin, exiting...
No more data in the server stdin, exiting...
[0m2021.10.20 22:52:29 INFO  Shut down connection with build server.[0m
No more data in the client stdin, exiting...
[0m2021.10.20 22:52:29 INFO  Shut down connection with build server.[0m
No more data in the client stdin, exiting...
No more data in the server stdin, exiting...
[0m2021.10.27 18:04:44 INFO  Started: Metals version 0.10.8 in workspace 'D:\University\COMP3000\Assignment 3\NEW' for client Visual Studio Code 1.61.2.[0m
[0m2021.10.27 18:04:48 INFO  time: initialize in 4.27s[0m
[0m2021.10.27 18:04:49 INFO  Attempting to connect to the build server...[0m
Starting the bsp launcher for bloop...
[0m2021.10.27 18:04:50 INFO  skipping build import with status 'Installed'[0m
Opening a bsp server connection with 'bsp --protocol tcp --port 25485'...
Waiting for the bsp connection to come up...
[0m[32m[D][0m Loading workspace settings from bloop.settings.json
[0m[32m[D][0m Waiting for a connection at 127.0.0.1:25485...
The server is listening for incoming connections at tcp://127.0.0.1:25485...
Starting thread that pumps stdin and redirects it to the bsp server...
Starting thread that pumps server stdout and redirects it to the client stdout...
[0m2021.10.27 18:04:51 INFO  tracing is disabled for protocol BSP, to enable tracing of incoming and outgoing JSON messages create an empty file at C:\Users\Victor\AppData\Local\scalameta\metals\cache\bsp.trace.json[0m
[0m2021.10.27 18:04:51 INFO  Attempting to connect to the build server...[0m
Starting the bsp launcher for bloop...
Opening a bsp server connection with 'bsp --protocol tcp --port 41786'...
Waiting for the bsp connection to come up...
[0m[32m[D][0m Loading workspace settings from bloop.settings.json
[0m[32m[D][0m Waiting for a connection at 127.0.0.1:41786...
The server is listening for incoming connections at tcp://127.0.0.1:41786...
Starting thread that pumps stdin and redirects it to the bsp server...
Starting thread that pumps server stdout and redirects it to the client stdout...
[0m2021.10.27 18:04:52 INFO  tracing is disabled for protocol BSP, to enable tracing of incoming and outgoing JSON messages create an empty file at C:\Users\Victor\AppData\Local\scalameta\metals\cache\bsp.trace.json[0m
[0m2021.10.27 18:04:52 INFO  time: Connected to build server in 2.47s[0m
[0m2021.10.27 18:04:52 INFO  Connected to Build server: Bloop v1.4.9[0m
[0m2021.10.27 18:04:55 INFO  no build target: using presentation compiler with only scala-library: 3.1.0[0m
[0m2021.10.27 18:04:56 INFO  time: code lens generation in 4.96s[0m
[0m2021.10.27 18:05:00 INFO  time: indexed workspace in 4.25s[0m
[0m2021.10.27 18:05:03 INFO  no build target: using presentation compiler with only scala-library: 2.12.8[0m
Oct 27, 2021 6:05:03 PM org.eclipse.lsp4j.jsonrpc.RemoteEndpoint handleNotification
WARNING: Notification threw an exception: {
  "jsonrpc": "2.0",
  "method": "build/taskFinish",
  "params": {
    "taskId": {
      "id": "2"
    },
    "eventTime": 1635318300717,
    "message": "Compiled \u0027new-test\u0027",
    "status": 1,
    "dataKind": "compile-report",
    "data": {
      "target": {
        "uri": "file:/D:/University/COMP3000/Assignment%203/NEW/?id\u003dnew-test"
      },
      "errors": 0,
      "warnings": 0,
      "isNoOp": true,
      "isLastCycle": true,
      "clientDir": "file:///D:/University/COMP3000/Assignment%203/NEW/.bloop/new/bloop-bsp-clients-classes/test-classes-Metals-vxa-7xqjTxaoA7ETS_Tw2g\u003d\u003d/",
      "analysisOut": "file:///D:/University/COMP3000/Assignment%203/NEW/target/streams/test/bloopAnalysisOut/$global/streams/inc_compile_2.12.zip"
    }
  }
}
java.lang.RuntimeException: java.lang.reflect.InvocationTargetException
	at org.eclipse.lsp4j.jsonrpc.services.GenericEndpoint.lambda$null$0(GenericEndpoint.java:67)
	at org.eclipse.lsp4j.jsonrpc.services.GenericEndpoint.notify(GenericEndpoint.java:152)
	at org.eclipse.lsp4j.jsonrpc.RemoteEndpoint.handleNotification(RemoteEndpoint.java:220)
	at org.eclipse.lsp4j.jsonrpc.RemoteEndpoint.consume(RemoteEndpoint.java:187)
	at org.eclipse.lsp4j.jsonrpc.json.StreamMessageProducer.handleMessage(StreamMessageProducer.java:194)
	at org.eclipse.lsp4j.jsonrpc.json.StreamMessageProducer.listen(StreamMessageProducer.java:94)
	at org.eclipse.lsp4j.jsonrpc.json.ConcurrentMessageProcessor.run(ConcurrentMessageProcessor.java:113)
	at java.base/java.util.concurrent.Executors$RunnableAdapter.call(Executors.java:515)
	at java.base/java.util.concurrent.FutureTask.run(FutureTask.java:264)
	at java.base/java.util.concurrent.ThreadPoolExecutor.runWorker(ThreadPoolExecutor.java:1130)
	at java.base/java.util.concurrent.ThreadPoolExecutor$Worker.run(ThreadPoolExecutor.java:630)
	at java.base/java.lang.Thread.run(Thread.java:831)
Caused by: java.lang.reflect.InvocationTargetException
	at java.base/jdk.internal.reflect.NativeMethodAccessorImpl.invoke0(Native Method)
	at java.base/jdk.internal.reflect.NativeMethodAccessorImpl.invoke(NativeMethodAccessorImpl.java:78)
	at java.base/jdk.internal.reflect.DelegatingMethodAccessorImpl.invoke(DelegatingMethodAccessorImpl.java:43)
	at java.base/java.lang.reflect.Method.invoke(Method.java:567)
	at org.eclipse.lsp4j.jsonrpc.services.GenericEndpoint.lambda$null$0(GenericEndpoint.java:65)
	... 11 more
Caused by: java.lang.NullPointerException: Cannot invoke "scala.meta.pc.PresentationCompiler.restart()" because "compiler" is null
	at scala.meta.internal.metals.Compilers.$anonfun$didCompile$3(Compilers.scala:235)
	at scala.meta.internal.metals.Compilers.$anonfun$didCompile$3$adapted(Compilers.scala:233)
	at scala.Option.foreach(Option.scala:407)
	at scala.meta.internal.metals.Compilers.$anonfun$didCompile$2(Compilers.scala:233)
	at scala.meta.internal.metals.Compilers.$anonfun$didCompile$2$adapted(Compilers.scala:232)
	at scala.collection.mutable.HashSet.foreach(HashSet.scala:79)
	at scala.meta.internal.metals.Compilers.didCompile(Compilers.scala:232)
	at scala.meta.internal.metals.MetalsLanguageServer.$anonfun$updateWorkspaceDirectory$10(MetalsLanguageServer.scala:407)
	at scala.meta.internal.metals.MetalsLanguageServer.$anonfun$updateWorkspaceDirectory$10$adapted(MetalsLanguageServer.scala:405)
	at scala.meta.internal.metals.ForwardingMetalsBuildClient.$anonfun$buildTaskFinish$2(ForwardingMetalsBuildClient.scala:172)
	at scala.Option.foreach(Option.scala:407)
	at scala.meta.internal.metals.ForwardingMetalsBuildClient.$anonfun$buildTaskFinish$1(ForwardingMetalsBuildClient.scala:169)
	at scala.meta.internal.metals.ForwardingMetalsBuildClient.$anonfun$buildTaskFinish$1$adapted(ForwardingMetalsBuildClient.scala:168)
	at scala.Option.foreach(Option.scala:407)
	at scala.meta.internal.metals.ForwardingMetalsBuildClient.buildTaskFinish(ForwardingMetalsBuildClient.scala:168)
	... 16 more

[0m2021.10.27 18:07:10 INFO  shutting down Metals[0m
[0m2021.10.27 18:07:10 INFO  Shut down connection with build server.[0m
No more data in the server stdin, exiting...
No more data in the server stdin, exiting...
No more data in the client stdin, exiting...
[0m2021.10.27 18:07:10 INFO  Shut down connection with build server.[0m
No more data in the client stdin, exiting...
No more data in the server stdin, exiting...
[0m2021.10.30 00:04:51 INFO  Started: Metals version 0.10.8 in workspace 'D:\University\COMP3000\Assignment 3\NEW' for client Visual Studio Code 1.61.2.[0m
[0m2021.10.30 00:04:53 INFO  time: initialize in 2.65s[0m
[0m2021.10.30 00:04:54 INFO  Attempting to connect to the build server...[0m
[0m2021.10.30 00:04:54 INFO  skipping build import with status 'Installed'[0m
Starting the bsp launcher for bloop...
Opening a bsp server connection with 'bsp --protocol tcp --port 43877'...
Waiting for the bsp connection to come up...
[0m[32m[D][0m Loading workspace settings from bloop.settings.json
[0m[32m[D][0m Waiting for a connection at 127.0.0.1:43877...
The server is listening for incoming connections at tcp://127.0.0.1:43877...
Starting thread that pumps stdin and redirects it to the bsp server...
Starting thread that pumps server stdout and redirects it to the client stdout...
[0m2021.10.30 00:04:56 INFO  tracing is disabled for protocol BSP, to enable tracing of incoming and outgoing JSON messages create an empty file at C:\Users\Victor\AppData\Local\scalameta\metals\cache\bsp.trace.json[0m
[0m2021.10.30 00:04:56 INFO  Attempting to connect to the build server...[0m
Starting the bsp launcher for bloop...
Opening a bsp server connection with 'bsp --protocol tcp --port 16579'...
Waiting for the bsp connection to come up...
[0m[32m[D][0m Loading workspace settings from bloop.settings.json
[0m[32m[D][0m Waiting for a connection at 127.0.0.1:16579...
The server is listening for incoming connections at tcp://127.0.0.1:16579...
Starting thread that pumps stdin and redirects it to the bsp server...
Starting thread that pumps server stdout and redirects it to the client stdout...
[0m2021.10.30 00:04:56 INFO  tracing is disabled for protocol BSP, to enable tracing of incoming and outgoing JSON messages create an empty file at C:\Users\Victor\AppData\Local\scalameta\metals\cache\bsp.trace.json[0m
[0m2021.10.30 00:04:56 INFO  time: Connected to build server in 2.29s[0m
[0m2021.10.30 00:04:56 INFO  Connected to Build server: Bloop v1.4.9[0m
[0m2021.10.30 00:05:01 INFO  no build target: using presentation compiler with only scala-library: 3.1.0[0m
[0m2021.10.30 00:05:03 INFO  time: code lens generation in 7.88s[0m
[0m2021.10.30 00:05:03 INFO  time: Imported build in 0.42s[0m
[0m2021.10.30 00:05:08 INFO  time: indexed workspace in 4.34s[0m
[0m2021.10.30 00:05:09 INFO  shutting down Metals[0m
[0m2021.10.30 00:05:09 INFO  Shut down connection with build server.[0m
No more data in the client stdin, exiting...
No more data in the server stdin, exiting...
[0m2021.10.30 00:05:10 INFO  no build target: using presentation compiler with only scala-library: 2.12.8[0m
[0m2021.10.30 00:05:11 ERROR timeout: build server 'bloop' during shutdown[0m
No more data in the client stdin, exiting...
No more data in the server stdin, exiting...
2022.01.23 21:30:08 INFO  tracing is disabled for protocol LSP, to enable tracing of incoming and outgoing JSON messages create an empty file at d:\University\COMP3000\Assignment 3\NEW\.metals\lsp.trace.json or C:\Users\Victor\AppData\Local\scalameta\metals\cache\lsp.trace.json
2022.01.23 21:30:09 INFO  logging to file D:\University\COMP3000\Assignment 3\NEW\.metals\metals.log
2022.01.23 21:30:09 INFO  Started: Metals version 0.11.1 in workspace 'D:\University\COMP3000\Assignment 3\NEW' for client Visual Studio Code 1.63.2.
2022.01.23 21:30:09 INFO  Parse release: 16.0.2
2022.01.23 21:30:13 INFO  time: initialize in 3.65s
2022.01.23 21:30:17 INFO  Attempting to connect to the build server...
2022.01.23 21:30:18 INFO  skipping build import with status 'Installed'
2022.01.23 21:30:18 INFO  tracing is disabled for protocol BSP, to enable tracing of incoming and outgoing JSON messages create an empty file at D:\University\COMP3000\Assignment 3\NEW\.metals\bsp.trace.json or C:\Users\Victor\AppData\Local\scalameta\metals\cache\bsp.trace.json
2022.01.23 21:30:23 INFO  no build target found for D:\University\COMP3000\Assignment 3\NEW\src\main\scala\Translator.scala. Using presentation compiler with project's scala-library version: 3.1.0
2022.01.23 21:30:26 INFO  time: code lens generation in 7.01s
2022.01.23 21:30:38 ERROR Timeout waiting for 'build/initialize' response
2022.01.23 21:30:38 WARN  Retrying connection to the build server Bloop
2022.01.23 21:31:25 ERROR Starting the bsp launcher for bloop...
2022.01.23 21:31:25 ERROR Opening a bsp server connection with 'bsp --protocol tcp --port 23044'...
2022.01.23 21:31:25 ERROR Waiting for the bsp connection to come up...
2022.01.23 21:31:25 ERROR Waiting for the bsp connection to come up...
2022.01.23 21:31:25 ERROR Waiting for the bsp connection to come up...
2022.01.23 21:31:25 ERROR Waiting for the bsp connection to come up...
2022.01.23 21:31:25 ERROR Waiting for the bsp connection to come up...
2022.01.23 21:31:25 ERROR Waiting for the bsp connection to come up...
2022.01.23 21:31:25 ERROR Waiting for the bsp connection to come up...
2022.01.23 21:31:25 ERROR Waiting for the bsp connection to come up...
2022.01.23 21:31:25 ERROR Waiting for the bsp connection to come up...
2022.01.23 21:31:25 ERROR Waiting for the bsp connection to come up...
2022.01.23 21:31:25 ERROR Waiting for the bsp connection to come up...
2022.01.23 21:31:25 ERROR Waiting for the bsp connection to come up...
2022.01.23 21:31:25 ERROR Waiting for the bsp connection to come up...
2022.01.23 21:31:25 ERROR Waiting for the bsp connection to come up...
2022.01.23 21:31:25 ERROR Waiting for the bsp connection to come up...
2022.01.23 21:31:25 ERROR Waiting for the bsp connection to come up...
2022.01.23 21:31:25 ERROR Waiting for the bsp connection to come up...
2022.01.23 21:31:25 ERROR Waiting for the bsp connection to come up...
2022.01.23 21:31:25 ERROR Waiting for the bsp connection to come up...
2022.01.23 21:31:25 ERROR Waiting for the bsp connection to come up...
2022.01.23 21:31:25 ERROR Waiting for the bsp connection to come up...
2022.01.23 21:31:25 ERROR Waiting for the bsp connection to come up...
2022.01.23 21:31:25 ERROR Waiting for the bsp connection to come up...
2022.01.23 21:31:25 ERROR Waiting for the bsp connection to come up...
2022.01.23 21:31:25 ERROR Waiting for the bsp connection to come up...
2022.01.23 21:31:25 ERROR Waiting for the bsp connection to come up...
2022.01.23 21:31:25 ERROR Waiting for the bsp connection to come up...
2022.01.23 21:31:25 ERROR Waiting for the bsp connection to come up...
2022.01.23 21:31:25 ERROR Waiting for the bsp connection to come up...
2022.01.23 21:31:25 ERROR Waiting for the bsp connection to come up...
2022.01.23 21:31:25 ERROR Waiting for the bsp connection to come up...
2022.01.23 21:31:25 ERROR error: Giving up on waiting for a connection, printing embedded bloop logs:
2022.01.23 21:31:25 ERROR > [0m[32m[D][0m Loading workspace settings from bloop.settings.json
2022.01.23 21:31:25 ERROR > [0m[32m[D][0m Loading 0 projects from 'd:\University\COMP3000\Assignment 3\NEW\.bloop'...
2022.01.23 21:31:25 ERROR > [0m[32m[D][0m Configured Java SemanticDB in projects 'new', 'new-test'
2022.01.23 21:31:25 ERROR > [0m[32m[D][0m Resolving org.scalameta:semanticdb-scalac_2.12.8:4.4.32
2022.01.23 21:31:25 ERROR error: The launcher failed to establish a bsp connection, aborting...
2022.01.23 21:31:25 ERROR Failed to connect with build server, no functionality will work.
java.lang.RuntimeException: The server did not start, got FailedToOpenBspConnection
	at bloop.launcher.LauncherMain.failPromise$1(Launcher.scala:95)
	at bloop.launcher.LauncherMain.runLauncher(Launcher.scala:122)
	at scala.meta.internal.metals.BloopServers$$anon$2.run(BloopServers.scala:169)
	at java.util.concurrent.Executors$RunnableAdapter.call(Executors.java:515)
	at java.util.concurrent.FutureTask.run(FutureTask.java:264)
	at java.util.concurrent.ThreadPoolExecutor.runWorker(ThreadPoolExecutor.java:1130)
	at java.util.concurrent.ThreadPoolExecutor$Worker.run(ThreadPoolExecutor.java:630)
	at java.lang.Thread.run(Thread.java:831)

2022.01.23 21:31:25 WARN  no build target for: D:\University\COMP3000\Assignment 3\NEW\src\main\scala\Translator.scala
2022.01.23 21:31:25 WARN  no build target for: D:\University\COMP3000\Assignment 3\NEW\build.sbt
2022.01.23 21:31:25 WARN  no build target for: D:\University\COMP3000\Assignment 3\SyntaxAnalysis.scala
